<?xml version="1.0" encoding="UTF-8" ?>
<testsuite tests="30" failures="1" name="Model.ContactTest" time="0.016" errors="0" skipped="0">
  <properties>
[...]
</properties>
  <testcase classname="Model.ContactTest" name="Model.ContactTest.testGetPhoneNumber1" time="0.005"/>
  <testcase classname="Model.ContactTest" name="Model.ContactTest.testSetPhoneNumber3" time="0"/>
  <testcase classname="Model.ContactTest" name="Model.ContactTest.testGetPhoneNumber2" time="0"/>
  <testcase classname="Model.ContactTest" name="Model.ContactTest.testGetPhoneNumber3" time="0"/>
  <testcase classname="Model.ContactTest" name="Model.ContactTest.testSetPhoneNumber2" time="0"/>
  <testcase classname="Model.ContactTest" name="Model.ContactTest.testSetPhoneNumber1" time="0"/>
  <testcase classname="Model.ContactTest" name="Model.ContactTest.testGetNotes" time="0"/>
  <testcase classname="Model.ContactTest" name="Model.ContactTest.testSetName" time="0"/>
  <testcase classname="Model.ContactTest" name="Model.ContactTest.testGetEmail2" time="0"/>
  <testcase classname="Model.ContactTest" name="Model.ContactTest.testSetEmail3" time="0"/>
  <testcase classname="Model.ContactTest" name="Model.ContactTest.testSetIBAN" time="0.002"/>
  <testcase classname="Model.ContactTest" name="Model.ContactTest.testGetAddress" time="0"/>
  <testcase classname="Model.ContactTest" name="Model.ContactTest.testSetEmail1" time="0"/>
  <testcase classname="Model.ContactTest" name="Model.ContactTest.testSetAddress" time="0"/>
  <testcase classname="Model.ContactTest" name="Model.ContactTest.testSetNotes" time="0"/>
  <testcase classname="Model.ContactTest" name="Model.ContactTest.testIsFavourite" time="0"/>
  <testcase classname="Model.ContactTest" name="Model.ContactTest.testGetSurname" time="0"/>
  <testcase classname="Model.ContactTest" name="Model.ContactTest.testCheck" time="0.008">
    <failure message="Please enter a name or a surname" type="java.lang.IllegalArgumentException">java.lang.IllegalArgumentException: Please enter a name or a surname
	at Model.Contact.check(Contact.java:88)
	at Model.Contact.&lt;init&gt;(Contact.java:78)
	at Model.ContactTest.testCheck(ContactTest.java:57)
</failure>
    <system-out>check
</system-out>
  </testcase>
  <testcase classname="Model.ContactTest" name="Model.ContactTest.testSetWebsite" time="0"/>
  <testcase classname="Model.ContactTest" name="Model.ContactTest.testToString" time="0"/>
  <testcase classname="Model.ContactTest" name="Model.ContactTest.testGetEmail3" time="0"/>
  <testcase classname="Model.ContactTest" name="Model.ContactTest.testSetSurname" time="0"/>
  <testcase classname="Model.ContactTest" name="Model.ContactTest.testSetFavorite" time="0"/>
  <testcase classname="Model.ContactTest" name="Model.ContactTest.testGetCompany" time="0"/>
  <testcase classname="Model.ContactTest" name="Model.ContactTest.testSetCompany" time="0"/>
  <testcase classname="Model.ContactTest" name="Model.ContactTest.testSetEmail2" time="0"/>
  <testcase classname="Model.ContactTest" name="Model.ContactTest.testGetName" time="0"/>
  <testcase classname="Model.ContactTest" name="Model.ContactTest.testGetWebsite" time="0"/>
  <testcase classname="Model.ContactTest" name="Model.ContactTest.testGetEmail1" time="0"/>
  <testcase classname="Model.ContactTest" name="Model.ContactTest.testGetIBAN" time="0.001"/>
</testsuite>