<?xml version="1.0" encoding="UTF-8" ?>
<testsuite tests="10" failures="0" name="Model.ContactListTest" time="0.093" errors="0" skipped="0">
  <properties>
[...]
</properties>
  <testcase classname="Model.ContactListTest" name="Model.ContactListTest.testGetContacts" time="0.046"/>
  <testcase classname="Model.ContactListTest" name="Model.ContactListTest.testSort" time="0.016"/>
  <testcase classname="Model.ContactListTest" name="Model.ContactListTest.testAddContact" time="0"/>
  <testcase classname="Model.ContactListTest" name="Model.ContactListTest.testFilter" time="0.016"/>
  <testcase classname="Model.ContactListTest" name="Model.ContactListTest.testExportContacts" time="0"/>
  <testcase classname="Model.ContactListTest" name="Model.ContactListTest.testContains" time="0.015"/>
  <testcase classname="Model.ContactListTest" name="Model.ContactListTest.testDelete" time="0"/>
  <testcase classname="Model.ContactListTest" name="Model.ContactListTest.testUpdateContact" time="0"/>
  <testcase classname="Model.ContactListTest" name="Model.ContactListTest.testSearch" time="0"/>
  <testcase classname="Model.ContactListTest" name="Model.ContactListTest.testSetContactsObservable" time="0"/>
</testsuite>