<?xml version="1.0" encoding="UTF-8" ?>
<testsuite tests="30" failures="1" name="Model.ContactTest" time="0.016" errors="0" skipped="0">
  <properties>
    <property name="java.runtime.name" value="Java(TM) SE Runtime Environment"/>
    <property name="java.vm.version" value="11.0.20+9-LTS-256"/>
    <property name="sun.boot.library.path" value="C:\Program Files\Java\jdk-11\bin"/>
    <property name="maven.multiModuleProjectDirectory" value="C:\Users\URSULA\Documents\GitHub\SofEngProject\ContactListProject"/>
    <property name="java.vm.vendor" value="Oracle Corporation"/>
    <property name="java.vendor.url" value="https://openjdk.java.net/"/>
    <property name="guice.disable.misplaced.annotation.check" value="true"/>
    <property name="path.separator" value=";"/>
    <property name="java.vm.name" value="Java HotSpot(TM) 64-Bit Server VM"/>
    <property name="sun.os.patch.level" value=""/>
    <property name="user.script" value=""/>
    <property name="user.country" value="IT"/>
    <property name="sun.java.launcher" value="SUN_STANDARD"/>
    <property name="test" value="Model.ContactTest"/>
    <property name="java.vm.specification.name" value="Java Virtual Machine Specification"/>
    <property name="user.dir" value="C:\Users\URSULA\Documents\GitHub\SofEngProject\ContactListProject"/>
    <property name="java.vm.compressedOopsMode" value="32-bit"/>
    <property name="java.runtime.version" value="11.0.20+9-LTS-256"/>
    <property name="java.awt.graphicsenv" value="sun.awt.Win32GraphicsEnvironment"/>
    <property name="os.arch" value="amd64"/>
    <property name="java.io.tmpdir" value="C:\Users\URSULA\AppData\Local\Temp\"/>
    <property name="line.separator" value="
"/>
    <property name="java.vm.specification.vendor" value="Oracle Corporation"/>
    <property name="user.variant" value=""/>
    <property name="os.name" value="Windows 10"/>
    <property name="maven.ext.class.path" value="C:\Program Files\NetBeans-16\netbeans\java\maven-nblib\netbeans-eventspy.jar"/>
    <property name="classworlds.conf" value="C:\Program Files\NetBeans-16\netbeans\java\maven\bin\m2.conf"/>
    <property name="sun.jnu.encoding" value="Cp1252"/>
    <property name="java.library.path" value="C:\Program Files\Java\jdk-11\bin;C:\WINDOWS\Sun\Java\bin;C:\WINDOWS\system32;C:\WINDOWS;C:\Program Files\Common Files\Oracle\Java\javapath;C:\Program Files (x86)\Common Files\Oracle\Java\java8path;C:\Program Files (x86)\Common Files\Oracle\Java\javapath;C:\Program Files\OpenLogic\jre-11.0.20.8-hotspot\bin;C:\ProgramData\Oracle\Java\javapath;C:\WINDOWS\system32;C:\WINDOWS;C:\WINDOWS\System32\Wbem;C:\WINDOWS\System32\WindowsPowerShell\v1.0\;C:\WINDOWS\System32\OpenSSH\;C:\Program Files\MATLAB\R2023a\bin;C:\Program Files\doxygen\bin;C:\xampp\php;C:\Users\URSULA\Desktop\u.iannone1@studenti.unisa.it\Ingegneria del software\apache-maven-3.9.9-bin\apache-maven-3.9.9\bin;C:\Users\URSULA\AppData\Local\Microsoft\WindowsApps;C:\Users\URSULA\AppData\Local\Programs\Microsoft VS Code\bin;C:\Users\URSULA\AppData\Local\GitHubDesktop\bin;."/>
    <property name="maven.conf" value="C:\Program Files\NetBeans-16\netbeans\java\maven/conf"/>
    <property name="jdk.debug" value="release"/>
    <property name="java.class.version" value="55.0"/>
    <property name="java.specification.name" value="Java Platform API Specification"/>
    <property name="sun.management.compiler" value="HotSpot 64-Bit Tiered Compilers"/>
    <property name="os.version" value="10.0"/>
    <property name="library.jansi.path" value="C:\Program Files\NetBeans-16\netbeans\java\maven\lib\jansi-native"/>
    <property name="user.home" value="C:\Users\URSULA"/>
    <property name="user.timezone" value="Europe/Rome"/>
    <property name="java.awt.printerjob" value="sun.awt.windows.WPrinterJob"/>
    <property name="file.encoding" value="UTF-8"/>
    <property name="java.specification.version" value="11"/>
    <property name="user.name" value="URSULA"/>
    <property name="java.class.path" value="C:\Program Files\NetBeans-16\netbeans\java\maven\boot\plexus-classworlds-2.6.0.jar"/>
    <property name="java.vm.specification.version" value="11"/>
    <property name="sun.arch.data.model" value="64"/>
    <property name="sun.java.command" value="org.codehaus.plexus.classworlds.launcher.Launcher -Dtest=Model.ContactTest -Dmaven.ext.class.path=C:\Program Files\NetBeans-16\netbeans\java\maven-nblib\netbeans-eventspy.jar -Dfile.encoding=UTF-8 surefire:test"/>
    <property name="java.home" value="C:\Program Files\Java\jdk-11"/>
    <property name="user.language" value="it"/>
    <property name="java.specification.vendor" value="Oracle Corporation"/>
    <property name="awt.toolkit" value="sun.awt.windows.WToolkit"/>
    <property name="java.vm.info" value="mixed mode"/>
    <property name="java.version" value="11.0.20"/>
    <property name="java.vendor" value="Oracle Corporation"/>
    <property name="java.specification.maintenance.version" value="2"/>
    <property name="maven.home" value="C:\Program Files\NetBeans-16\netbeans\java\maven"/>
    <property name="file.separator" value="\"/>
    <property name="java.version.date" value="2023-07-18"/>
    <property name="java.vendor.url.bug" value="https://bugreport.java.com/bugreport/"/>
    <property name="sun.io.unicode.encoding" value="UnicodeLittle"/>
    <property name="sun.cpu.endian" value="little"/>
    <property name="java.vendor.version" value="18.9"/>
    <property name="sun.desktop" value="windows"/>
    <property name="sun.cpu.isalist" value="amd64"/>
  </properties>
  <testcase classname="Model.ContactTest" name="Model.ContactTest.testGetPhoneNumber1" time="0.005"/>
  <testcase classname="Model.ContactTest" name="Model.ContactTest.testSetPhoneNumber3" time="0"/>
  <testcase classname="Model.ContactTest" name="Model.ContactTest.testGetPhoneNumber2" time="0"/>
  <testcase classname="Model.ContactTest" name="Model.ContactTest.testGetPhoneNumber3" time="0"/>
  <testcase classname="Model.ContactTest" name="Model.ContactTest.testSetPhoneNumber2" time="0"/>
  <testcase classname="Model.ContactTest" name="Model.ContactTest.testSetPhoneNumber1" time="0"/>
  <testcase classname="Model.ContactTest" name="Model.ContactTest.testGetNotes" time="0"/>
  <testcase classname="Model.ContactTest" name="Model.ContactTest.testSetName" time="0"/>
  <testcase classname="Model.ContactTest" name="Model.ContactTest.testGetEmail2" time="0"/>
  <testcase classname="Model.ContactTest" name="Model.ContactTest.testSetEmail3" time="0"/>
  <testcase classname="Model.ContactTest" name="Model.ContactTest.testSetIBAN" time="0.002"/>
  <testcase classname="Model.ContactTest" name="Model.ContactTest.testGetAddress" time="0"/>
  <testcase classname="Model.ContactTest" name="Model.ContactTest.testSetEmail1" time="0"/>
  <testcase classname="Model.ContactTest" name="Model.ContactTest.testSetAddress" time="0"/>
  <testcase classname="Model.ContactTest" name="Model.ContactTest.testSetNotes" time="0"/>
  <testcase classname="Model.ContactTest" name="Model.ContactTest.testIsFavourite" time="0"/>
  <testcase classname="Model.ContactTest" name="Model.ContactTest.testGetSurname" time="0"/>
  <testcase classname="Model.ContactTest" name="Model.ContactTest.testCheck" time="0.008">
    <failure message="Please enter a name or a surname" type="java.lang.IllegalArgumentException">java.lang.IllegalArgumentException: Please enter a name or a surname
	at Model.Contact.check(Contact.java:88)
	at Model.Contact.&lt;init&gt;(Contact.java:78)
	at Model.ContactTest.testCheck(ContactTest.java:57)
</failure>
    <system-out>check
</system-out>
  </testcase>
  <testcase classname="Model.ContactTest" name="Model.ContactTest.testSetWebsite" time="0"/>
  <testcase classname="Model.ContactTest" name="Model.ContactTest.testToString" time="0"/>
  <testcase classname="Model.ContactTest" name="Model.ContactTest.testGetEmail3" time="0"/>
  <testcase classname="Model.ContactTest" name="Model.ContactTest.testSetSurname" time="0"/>
  <testcase classname="Model.ContactTest" name="Model.ContactTest.testSetFavorite" time="0"/>
  <testcase classname="Model.ContactTest" name="Model.ContactTest.testGetCompany" time="0"/>
  <testcase classname="Model.ContactTest" name="Model.ContactTest.testSetCompany" time="0"/>
  <testcase classname="Model.ContactTest" name="Model.ContactTest.testSetEmail2" time="0"/>
  <testcase classname="Model.ContactTest" name="Model.ContactTest.testGetName" time="0"/>
  <testcase classname="Model.ContactTest" name="Model.ContactTest.testGetWebsite" time="0"/>
  <testcase classname="Model.ContactTest" name="Model.ContactTest.testGetEmail1" time="0"/>
  <testcase classname="Model.ContactTest" name="Model.ContactTest.testGetIBAN" time="0.001"/>
</testsuite>